Restler Information: 0 : Starting task Fuzz...
    DateTime=2022-03-08T07:43:17.4768839Z
Restler Information: 0 : Launching 'python.exe --version'
    DateTime=2022-03-08T07:43:17.6352152Z
Restler Information: 0 : Process execution terminated in 00:00:00.1060094 with exit code 0x0: 'python.exe --version'
    DateTime=2022-03-08T07:43:17.7510696Z
Restler Information: 0 : (12208) python.exe --version exited with code: 0
    DateTime=2022-03-08T07:43:17.7593512Z
Restler Information: 0 : Launching 'python.exe -B "D:\repositories\fuzzy\restler_bin\restler\../engine/restler.py" --restler_grammar "D:\repositories\fuzzy\restler-rest-countries\Compile\grammar.py" --custom_mutations "D:\repositories\fuzzy\restler-rest-countries\Compile\dict.json" --set_version 8.4.0       --settings "D:\repositories\fuzzy\restler-rest-countries\Compile\engine_settings.json" --enable_checkers * --disable_checkers namespacerule --time_budget 1.000000   --include_user_agent --no_tokens_in_logs t --garbage_collection_interval 30 --fuzzing_mode bfs-fast'
    DateTime=2022-03-08T07:43:17.7794287Z
Restler Information: 0 : Process execution terminated in 01:00:01.2964605 with exit code 0x0: 'python.exe -B "D:\repositories\fuzzy\restler_bin\restler\../engine/restler.py" --restler_grammar "D:\repositories\fuzzy\restler-rest-countries\Compile\grammar.py" --custom_mutations "D:\repositories\fuzzy\restler-rest-countries\Compile\dict.json" --set_version 8.4.0       --settings "D:\repositories\fuzzy\restler-rest-countries\Compile\engine_settings.json" --enable_checkers * --disable_checkers namespacerule --time_budget 1.000000   --include_user_agent --no_tokens_in_logs t --garbage_collection_interval 30 --fuzzing_mode bfs-fast'
    DateTime=2022-03-08T08:43:19.0761528Z
Restler Information: 0 : (4944) python.exe -B "D:\repositories\fuzzy\restler_bin\restler\../engine/restler.py" --restler_grammar "D:\repositories\fuzzy\restler-rest-countries\Compile\grammar.py" --custom_mutations "D:\repositories\fuzzy\restler-rest-countries\Compile\dict.json" --set_version 8.4.0       --settings "D:\repositories\fuzzy\restler-rest-countries\Compile\engine_settings.json" --enable_checkers * --disable_checkers namespacerule --time_budget 1.000000   --include_user_agent --no_tokens_in_logs t --garbage_collection_interval 30 --fuzzing_mode bfs-fast exited with code: 0
    DateTime=2022-03-08T08:43:19.0762840Z
Restler Information: 0 : Launching 'dotnet "D:\repositories\fuzzy\restler_bin\restler\../resultsAnalyzer/Restler.ResultsAnalyzer.dll" analyze "D:\repositories\fuzzy\restler-rest-countries\Fuzz" --output_dir "D:\repositories\fuzzy\restler-rest-countries\Fuzz\ResponseBuckets" --dictionary_file "D:\repositories\fuzzy\restler-rest-countries\Compile\dict.json" --max_instances_per_bucket 10'
    DateTime=2022-03-08T08:43:19.0915576Z
Restler Information: 0 : Process execution terminated in 00:00:06.9385567 with exit code 0x0: 'dotnet "D:\repositories\fuzzy\restler_bin\restler\../resultsAnalyzer/Restler.ResultsAnalyzer.dll" analyze "D:\repositories\fuzzy\restler-rest-countries\Fuzz" --output_dir "D:\repositories\fuzzy\restler-rest-countries\Fuzz\ResponseBuckets" --dictionary_file "D:\repositories\fuzzy\restler-rest-countries\Compile\dict.json" --max_instances_per_bucket 10'
    DateTime=2022-03-08T08:43:26.0302863Z
Restler Information: 0 : (12168) dotnet "D:\repositories\fuzzy\restler_bin\restler\../resultsAnalyzer/Restler.ResultsAnalyzer.dll" analyze "D:\repositories\fuzzy\restler-rest-countries\Fuzz" --output_dir "D:\repositories\fuzzy\restler-rest-countries\Fuzz\ResponseBuckets" --dictionary_file "D:\repositories\fuzzy\restler-rest-countries\Compile\dict.json" --max_instances_per_bucket 10 exited with code: 0
    DateTime=2022-03-08T08:43:26.0304681Z
Restler Information: 0 : Request coverage (successful / total): 19 / 21
    DateTime=2022-03-08T08:43:26.2927403Z
Restler Information: 0 : No bugs were found.
    DateTime=2022-03-08T08:43:26.2968035Z
Restler Information: 0 : Task Fuzz succeeded.
    DateTime=2022-03-08T08:43:26.3039787Z
Restler Information: 0 : Collecting logs...
    DateTime=2022-03-08T08:43:26.3087585Z
